<?xml version="1.0" encoding="UTF-8"?>
<!-- Generated by org.testng.reporters.JUnitReportReporter -->
<testsuite skipped="0" hostname="LAPTOP-RAM4R1S4" name="test.DraftInputTest" tests="1" failures="0" timestamp="2020-02-19T18:14:08 CST" time="11.190" errors="0">
  <testcase name="UserShouldBeAbleToPostDraft" time="11.190" classname="test.DraftInputTest"/>
</testsuite> <!-- test.DraftInputTest -->
