<?xml version="1.0" encoding="UTF-8"?>
<!-- Generated by org.testng.reporters.JUnitReportReporter -->
<testsuite skipped="0" hostname="LAPTOP-RAM4R1S4" name="test.LoginTest" tests="1" failures="0" timestamp="2020-02-19T18:10:00 CST" time="9.080" errors="0">
  <testcase name="UserShouldBeAbleToLOgin" time="9.080" classname="test.LoginTest"/>
</testsuite> <!-- test.LoginTest -->
