<?xml version="1.0" encoding="UTF-8"?>
<!-- Generated by org.testng.reporters.JUnitReportReporter -->
<testsuite skipped="0" hostname="LAPTOP-RAM4R1S4" name="test.PostDisplaytest" tests="1" failures="0" timestamp="2020-02-19T18:34:46 CST" time="11.538" errors="0">
  <testcase name="UserShouldBeAbleToLOgin" time="11.538" classname="test.PostDisplaytest"/>
</testsuite> <!-- test.PostDisplaytest -->
